Use Adapter : NVIDIA GeForce RTX 4060 Laptop GPU

FeatureLevel : 12.2

Complete create DeD12Device!!!

Begin CompileShader, path:Object3D.VS.hlsl, profile:vs_6_0

Compile Succeeded, path:Object3D.VS.hlsl, profile:vs_6_0

Begin CompileShader, path:Object3D.PS.hlsl, profile:ps_6_0

Compile Succeeded, path:Object3D.PS.hlsl, profile:ps_6_0

Vertex 0: Position(-0.000, -1.000, -0.000, 1.000), TexCoord(0.000, 1.000)

Vertex 1: Position(0.383, -0.924, 0.000, 1.000), TexCoord(0.000, 0.875)

Vertex 2: Position(-0.000, -1.000, -0.000, 1.000), TexCoord(0.125, 1.000)

Vertex 3: Position(0.383, -0.924, 0.000, 1.000), TexCoord(0.000, 0.875)

Vertex 4: Position(0.271, -0.924, 0.271, 1.000), TexCoord(0.125, 0.875)

Vertex 5: Position(-0.000, -1.000, -0.000, 1.000), TexCoord(0.125, 1.000)

Vertex 6: Position(-0.000, -1.000, -0.000, 1.000), TexCoord(0.125, 1.000)

Vertex 7: Position(0.271, -0.924, 0.271, 1.000), TexCoord(0.125, 0.875)

Vertex 8: Position(0.000, -1.000, -0.000, 1.000), TexCoord(0.250, 1.000)

Vertex 9: Position(0.271, -0.924, 0.271, 1.000), TexCoord(0.125, 0.875)

Vertex 10: Position(-0.000, -0.924, 0.383, 1.000), TexCoord(0.250, 0.875)

Vertex 11: Position(0.000, -1.000, -0.000, 1.000), TexCoord(0.250, 1.000)

Vertex 12: Position(0.000, -1.000, -0.000, 1.000), TexCoord(0.250, 1.000)

Vertex 13: Position(-0.000, -0.924, 0.383, 1.000), TexCoord(0.250, 0.875)

Vertex 14: Position(0.000, -1.000, -0.000, 1.000), TexCoord(0.375, 1.000)

Vertex 15: Position(-0.000, -0.924, 0.383, 1.000), TexCoord(0.250, 0.875)

Vertex 16: Position(-0.271, -0.924, 0.271, 1.000), TexCoord(0.375, 0.875)

Vertex 17: Position(0.000, -1.000, -0.000, 1.000), TexCoord(0.375, 1.000)

Vertex 18: Position(0.000, -1.000, -0.000, 1.000), TexCoord(0.375, 1.000)

Vertex 19: Position(-0.271, -0.924, 0.271, 1.000), TexCoord(0.375, 0.875)

Vertex 20: Position(0.000, -1.000, 0.000, 1.000), TexCoord(0.500, 1.000)

Vertex 21: Position(-0.271, -0.924, 0.271, 1.000), TexCoord(0.375, 0.875)

Vertex 22: Position(-0.383, -0.924, -0.000, 1.000), TexCoord(0.500, 0.875)

Vertex 23: Position(0.000, -1.000, 0.000, 1.000), TexCoord(0.500, 1.000)

Vertex 24: Position(0.000, -1.000, 0.000, 1.000), TexCoord(0.500, 1.000)

Vertex 25: Position(-0.383, -0.924, -0.000, 1.000), TexCoord(0.500, 0.875)

Vertex 26: Position(0.000, -1.000, 0.000, 1.000), TexCoord(0.625, 1.000)

Vertex 27: Position(-0.383, -0.924, -0.000, 1.000), TexCoord(0.500, 0.875)

Vertex 28: Position(-0.271, -0.924, -0.271, 1.000), TexCoord(0.625, 0.875)

Vertex 29: Position(0.000, -1.000, 0.000, 1.000), TexCoord(0.625, 1.000)

Vertex 30: Position(0.000, -1.000, 0.000, 1.000), TexCoord(0.625, 1.000)

Vertex 31: Position(-0.271, -0.924, -0.271, 1.000), TexCoord(0.625, 0.875)

Vertex 32: Position(-0.000, -1.000, 0.000, 1.000), TexCoord(0.750, 1.000)

Vertex 33: Position(-0.271, -0.924, -0.271, 1.000), TexCoord(0.625, 0.875)

Vertex 34: Position(0.000, -0.924, -0.383, 1.000), TexCoord(0.750, 0.875)

Vertex 35: Position(-0.000, -1.000, 0.000, 1.000), TexCoord(0.750, 1.000)

Vertex 36: Position(-0.000, -1.000, 0.000, 1.000), TexCoord(0.750, 1.000)

Vertex 37: Position(0.000, -0.924, -0.383, 1.000), TexCoord(0.750, 0.875)

Vertex 38: Position(-0.000, -1.000, 0.000, 1.000), TexCoord(0.875, 1.000)

Vertex 39: Position(0.000, -0.924, -0.383, 1.000), TexCoord(0.750, 0.875)

Vertex 40: Position(0.271, -0.924, -0.271, 1.000), TexCoord(0.875, 0.875)

Vertex 41: Position(-0.000, -1.000, 0.000, 1.000), TexCoord(0.875, 1.000)

Vertex 42: Position(-0.000, -1.000, 0.000, 1.000), TexCoord(0.875, 1.000)

Vertex 43: Position(0.271, -0.924, -0.271, 1.000), TexCoord(0.875, 0.875)

Vertex 44: Position(-0.000, -1.000, -0.000, 1.000), TexCoord(1.000, 1.000)

Vertex 45: Position(0.271, -0.924, -0.271, 1.000), TexCoord(0.875, 0.875)

Vertex 46: Position(0.383, -0.924, 0.000, 1.000), TexCoord(1.000, 0.875)

Vertex 47: Position(-0.000, -1.000, -0.000, 1.000), TexCoord(1.000, 1.000)

Vertex 48: Position(0.383, -0.924, 0.000, 1.000), TexCoord(0.000, 0.875)

Vertex 49: Position(0.707, -0.707, 0.000, 1.000), TexCoord(0.000, 0.750)

Vertex 50: Position(0.271, -0.924, 0.271, 1.000), TexCoord(0.125, 0.875)

Vertex 51: Position(0.707, -0.707, 0.000, 1.000), TexCoord(0.000, 0.750)

Vertex 52: Position(0.500, -0.707, 0.500, 1.000), TexCoord(0.125, 0.750)

Vertex 53: Position(0.271, -0.924, 0.271, 1.000), TexCoord(0.125, 0.875)

Vertex 54: Position(0.271, -0.924, 0.271, 1.000), TexCoord(0.125, 0.875)

Vertex 55: Position(0.500, -0.707, 0.500, 1.000), TexCoord(0.125, 0.750)

Vertex 56: Position(-0.000, -0.924, 0.383, 1.000), TexCoord(0.250, 0.875)

Vertex 57: Position(0.500, -0.707, 0.500, 1.000), TexCoord(0.125, 0.750)

Vertex 58: Position(-0.000, -0.707, 0.707, 1.000), TexCoord(0.250, 0.750)

Vertex 59: Position(-0.000, -0.924, 0.383, 1.000), TexCoord(0.250, 0.875)

Vertex 60: Position(-0.000, -0.924, 0.383, 1.000), TexCoord(0.250, 0.875)

Vertex 61: Position(-0.000, -0.707, 0.707, 1.000), TexCoord(0.250, 0.750)

Vertex 62: Position(-0.271, -0.924, 0.271, 1.000), TexCoord(0.375, 0.875)

Vertex 63: Position(-0.000, -0.707, 0.707, 1.000), TexCoord(0.250, 0.750)

Vertex 64: Position(-0.500, -0.707, 0.500, 1.000), TexCoord(0.375, 0.750)

Vertex 65: Position(-0.271, -0.924, 0.271, 1.000), TexCoord(0.375, 0.875)

Vertex 66: Position(-0.271, -0.924, 0.271, 1.000), TexCoord(0.375, 0.875)

Vertex 67: Position(-0.500, -0.707, 0.500, 1.000), TexCoord(0.375, 0.750)

Vertex 68: Position(-0.383, -0.924, -0.000, 1.000), TexCoord(0.500, 0.875)

Vertex 69: Position(-0.500, -0.707, 0.500, 1.000), TexCoord(0.375, 0.750)

Vertex 70: Position(-0.707, -0.707, -0.000, 1.000), TexCoord(0.500, 0.750)

Vertex 71: Position(-0.383, -0.924, -0.000, 1.000), TexCoord(0.500, 0.875)

Vertex 72: Position(-0.383, -0.924, -0.000, 1.000), TexCoord(0.500, 0.875)

Vertex 73: Position(-0.707, -0.707, -0.000, 1.000), TexCoord(0.500, 0.750)

Vertex 74: Position(-0.271, -0.924, -0.271, 1.000), TexCoord(0.625, 0.875)

Vertex 75: Position(-0.707, -0.707, -0.000, 1.000), TexCoord(0.500, 0.750)

Vertex 76: Position(-0.500, -0.707, -0.500, 1.000), TexCoord(0.625, 0.750)

Vertex 77: Position(-0.271, -0.924, -0.271, 1.000), TexCoord(0.625, 0.875)

Vertex 78: Position(-0.271, -0.924, -0.271, 1.000), TexCoord(0.625, 0.875)

Vertex 79: Position(-0.500, -0.707, -0.500, 1.000), TexCoord(0.625, 0.750)

Vertex 80: Position(0.000, -0.924, -0.383, 1.000), TexCoord(0.750, 0.875)

Vertex 81: Position(-0.500, -0.707, -0.500, 1.000), TexCoord(0.625, 0.750)

Vertex 82: Position(0.000, -0.707, -0.707, 1.000), TexCoord(0.750, 0.750)

Vertex 83: Position(0.000, -0.924, -0.383, 1.000), TexCoord(0.750, 0.875)

Vertex 84: Position(0.000, -0.924, -0.383, 1.000), TexCoord(0.750, 0.875)

Vertex 85: Position(0.000, -0.707, -0.707, 1.000), TexCoord(0.750, 0.750)

Vertex 86: Position(0.271, -0.924, -0.271, 1.000), TexCoord(0.875, 0.875)

Vertex 87: Position(0.000, -0.707, -0.707, 1.000), TexCoord(0.750, 0.750)

Vertex 88: Position(0.500, -0.707, -0.500, 1.000), TexCoord(0.875, 0.750)

Vertex 89: Position(0.271, -0.924, -0.271, 1.000), TexCoord(0.875, 0.875)

Vertex 90: Position(0.271, -0.924, -0.271, 1.000), TexCoord(0.875, 0.875)

Vertex 91: Position(0.500, -0.707, -0.500, 1.000), TexCoord(0.875, 0.750)

Vertex 92: Position(0.383, -0.924, 0.000, 1.000), TexCoord(1.000, 0.875)

Vertex 93: Position(0.500, -0.707, -0.500, 1.000), TexCoord(0.875, 0.750)

Vertex 94: Position(0.707, -0.707, 0.000, 1.000), TexCoord(1.000, 0.750)

Vertex 95: Position(0.383, -0.924, 0.000, 1.000), TexCoord(1.000, 0.875)

Vertex 96: Position(0.707, -0.707, 0.000, 1.000), TexCoord(0.000, 0.750)

Vertex 97: Position(0.924, -0.383, 0.000, 1.000), TexCoord(0.000, 0.625)

Vertex 98: Position(0.500, -0.707, 0.500, 1.000), TexCoord(0.125, 0.750)

Vertex 99: Position(0.924, -0.383, 0.000, 1.000), TexCoord(0.000, 0.625)

Vertex 100: Position(0.653, -0.383, 0.653, 1.000), TexCoord(0.125, 0.625)

Vertex 101: Position(0.500, -0.707, 0.500, 1.000), TexCoord(0.125, 0.750)

Vertex 102: Position(0.500, -0.707, 0.500, 1.000), TexCoord(0.125, 0.750)

Vertex 103: Position(0.653, -0.383, 0.653, 1.000), TexCoord(0.125, 0.625)

Vertex 104: Position(-0.000, -0.707, 0.707, 1.000), TexCoord(0.250, 0.750)

Vertex 105: Position(0.653, -0.383, 0.653, 1.000), TexCoord(0.125, 0.625)

Vertex 106: Position(-0.000, -0.383, 0.924, 1.000), TexCoord(0.250, 0.625)

Vertex 107: Position(-0.000, -0.707, 0.707, 1.000), TexCoord(0.250, 0.750)

Vertex 108: Position(-0.000, -0.707, 0.707, 1.000), TexCoord(0.250, 0.750)

Vertex 109: Position(-0.000, -0.383, 0.924, 1.000), TexCoord(0.250, 0.625)

Vertex 110: Position(-0.500, -0.707, 0.500, 1.000), TexCoord(0.375, 0.750)

Vertex 111: Position(-0.000, -0.383, 0.924, 1.000), TexCoord(0.250, 0.625)

Vertex 112: Position(-0.653, -0.383, 0.653, 1.000), TexCoord(0.375, 0.625)

Vertex 113: Position(-0.500, -0.707, 0.500, 1.000), TexCoord(0.375, 0.750)

Vertex 114: Position(-0.500, -0.707, 0.500, 1.000), TexCoord(0.375, 0.750)

Vertex 115: Position(-0.653, -0.383, 0.653, 1.000), TexCoord(0.375, 0.625)

Vertex 116: Position(-0.707, -0.707, -0.000, 1.000), TexCoord(0.500, 0.750)

Vertex 117: Position(-0.653, -0.383, 0.653, 1.000), TexCoord(0.375, 0.625)

Vertex 118: Position(-0.924, -0.383, -0.000, 1.000), TexCoord(0.500, 0.625)

Vertex 119: Position(-0.707, -0.707, -0.000, 1.000), TexCoord(0.500, 0.750)

Vertex 120: Position(-0.707, -0.707, -0.000, 1.000), TexCoord(0.500, 0.750)

Vertex 121: Position(-0.924, -0.383, -0.000, 1.000), TexCoord(0.500, 0.625)

Vertex 122: Position(-0.500, -0.707, -0.500, 1.000), TexCoord(0.625, 0.750)

Vertex 123: Position(-0.924, -0.383, -0.000, 1.000), TexCoord(0.500, 0.625)

Vertex 124: Position(-0.653, -0.383, -0.653, 1.000), TexCoord(0.625, 0.625)

Vertex 125: Position(-0.500, -0.707, -0.500, 1.000), TexCoord(0.625, 0.750)

Vertex 126: Position(-0.500, -0.707, -0.500, 1.000), TexCoord(0.625, 0.750)

Vertex 127: Position(-0.653, -0.383, -0.653, 1.000), TexCoord(0.625, 0.625)

Vertex 128: Position(0.000, -0.707, -0.707, 1.000), TexCoord(0.750, 0.750)

Vertex 129: Position(-0.653, -0.383, -0.653, 1.000), TexCoord(0.625, 0.625)

Vertex 130: Position(0.000, -0.383, -0.924, 1.000), TexCoord(0.750, 0.625)

Vertex 131: Position(0.000, -0.707, -0.707, 1.000), TexCoord(0.750, 0.750)

Vertex 132: Position(0.000, -0.707, -0.707, 1.000), TexCoord(0.750, 0.750)

Vertex 133: Position(0.000, -0.383, -0.924, 1.000), TexCoord(0.750, 0.625)

Vertex 134: Position(0.500, -0.707, -0.500, 1.000), TexCoord(0.875, 0.750)

Vertex 135: Position(0.000, -0.383, -0.924, 1.000), TexCoord(0.750, 0.625)

Vertex 136: Position(0.653, -0.383, -0.653, 1.000), TexCoord(0.875, 0.625)

Vertex 137: Position(0.500, -0.707, -0.500, 1.000), TexCoord(0.875, 0.750)

Vertex 138: Position(0.500, -0.707, -0.500, 1.000), TexCoord(0.875, 0.750)

Vertex 139: Position(0.653, -0.383, -0.653, 1.000), TexCoord(0.875, 0.625)

Vertex 140: Position(0.707, -0.707, 0.000, 1.000), TexCoord(1.000, 0.750)

Vertex 141: Position(0.653, -0.383, -0.653, 1.000), TexCoord(0.875, 0.625)

Vertex 142: Position(0.924, -0.383, 0.000, 1.000), TexCoord(1.000, 0.625)

Vertex 143: Position(0.707, -0.707, 0.000, 1.000), TexCoord(1.000, 0.750)

Vertex 144: Position(0.924, -0.383, 0.000, 1.000), TexCoord(0.000, 0.625)

Vertex 145: Position(1.000, -0.000, 0.000, 1.000), TexCoord(0.000, 0.500)

Vertex 146: Position(0.653, -0.383, 0.653, 1.000), TexCoord(0.125, 0.625)

Vertex 147: Position(1.000, -0.000, 0.000, 1.000), TexCoord(0.000, 0.500)

Vertex 148: Position(0.707, -0.000, 0.707, 1.000), TexCoord(0.125, 0.500)

Vertex 149: Position(0.653, -0.383, 0.653, 1.000), TexCoord(0.125, 0.625)

Vertex 150: Position(0.653, -0.383, 0.653, 1.000), TexCoord(0.125, 0.625)

Vertex 151: Position(0.707, -0.000, 0.707, 1.000), TexCoord(0.125, 0.500)

Vertex 152: Position(-0.000, -0.383, 0.924, 1.000), TexCoord(0.250, 0.625)

Vertex 153: Position(0.707, -0.000, 0.707, 1.000), TexCoord(0.125, 0.500)

Vertex 154: Position(-0.000, -0.000, 1.000, 1.000), TexCoord(0.250, 0.500)

Vertex 155: Position(-0.000, -0.383, 0.924, 1.000), TexCoord(0.250, 0.625)

Vertex 156: Position(-0.000, -0.383, 0.924, 1.000), TexCoord(0.250, 0.625)

Vertex 157: Position(-0.000, -0.000, 1.000, 1.000), TexCoord(0.250, 0.500)

Vertex 158: Position(-0.653, -0.383, 0.653, 1.000), TexCoord(0.375, 0.625)

Vertex 159: Position(-0.000, -0.000, 1.000, 1.000), TexCoord(0.250, 0.500)

Vertex 160: Position(-0.707, -0.000, 0.707, 1.000), TexCoord(0.375, 0.500)

Vertex 161: Position(-0.653, -0.383, 0.653, 1.000), TexCoord(0.375, 0.625)

Vertex 162: Position(-0.653, -0.383, 0.653, 1.000), TexCoord(0.375, 0.625)

Vertex 163: Position(-0.707, -0.000, 0.707, 1.000), TexCoord(0.375, 0.500)

Vertex 164: Position(-0.924, -0.383, -0.000, 1.000), TexCoord(0.500, 0.625)

Vertex 165: Position(-0.707, -0.000, 0.707, 1.000), TexCoord(0.375, 0.500)

Vertex 166: Position(-1.000, -0.000, -0.000, 1.000), TexCoord(0.500, 0.500)

Vertex 167: Position(-0.924, -0.383, -0.000, 1.000), TexCoord(0.500, 0.625)

Vertex 168: Position(-0.924, -0.383, -0.000, 1.000), TexCoord(0.500, 0.625)

Vertex 169: Position(-1.000, -0.000, -0.000, 1.000), TexCoord(0.500, 0.500)

Vertex 170: Position(-0.653, -0.383, -0.653, 1.000), TexCoord(0.625, 0.625)

Vertex 171: Position(-1.000, -0.000, -0.000, 1.000), TexCoord(0.500, 0.500)

Vertex 172: Position(-0.707, -0.000, -0.707, 1.000), TexCoord(0.625, 0.500)

Vertex 173: Position(-0.653, -0.383, -0.653, 1.000), TexCoord(0.625, 0.625)

Vertex 174: Position(-0.653, -0.383, -0.653, 1.000), TexCoord(0.625, 0.625)

Vertex 175: Position(-0.707, -0.000, -0.707, 1.000), TexCoord(0.625, 0.500)

Vertex 176: Position(0.000, -0.383, -0.924, 1.000), TexCoord(0.750, 0.625)

Vertex 177: Position(-0.707, -0.000, -0.707, 1.000), TexCoord(0.625, 0.500)

Vertex 178: Position(0.000, -0.000, -1.000, 1.000), TexCoord(0.750, 0.500)

Vertex 179: Position(0.000, -0.383, -0.924, 1.000), TexCoord(0.750, 0.625)

Vertex 180: Position(0.000, -0.383, -0.924, 1.000), TexCoord(0.750, 0.625)

Vertex 181: Position(0.000, -0.000, -1.000, 1.000), TexCoord(0.750, 0.500)

Vertex 182: Position(0.653, -0.383, -0.653, 1.000), TexCoord(0.875, 0.625)

Vertex 183: Position(0.000, -0.000, -1.000, 1.000), TexCoord(0.750, 0.500)

Vertex 184: Position(0.707, -0.000, -0.707, 1.000), TexCoord(0.875, 0.500)

Vertex 185: Position(0.653, -0.383, -0.653, 1.000), TexCoord(0.875, 0.625)

Vertex 186: Position(0.653, -0.383, -0.653, 1.000), TexCoord(0.875, 0.625)

Vertex 187: Position(0.707, -0.000, -0.707, 1.000), TexCoord(0.875, 0.500)

Vertex 188: Position(0.924, -0.383, 0.000, 1.000), TexCoord(1.000, 0.625)

Vertex 189: Position(0.707, -0.000, -0.707, 1.000), TexCoord(0.875, 0.500)

Vertex 190: Position(1.000, -0.000, 0.000, 1.000), TexCoord(1.000, 0.500)

Vertex 191: Position(0.924, -0.383, 0.000, 1.000), TexCoord(1.000, 0.625)

Vertex 192: Position(1.000, 0.000, 0.000, 1.000), TexCoord(0.000, 0.500)

Vertex 193: Position(0.924, 0.383, 0.000, 1.000), TexCoord(0.000, 0.375)

Vertex 194: Position(0.707, 0.000, 0.707, 1.000), TexCoord(0.125, 0.500)

Vertex 195: Position(0.924, 0.383, 0.000, 1.000), TexCoord(0.000, 0.375)

Vertex 196: Position(0.653, 0.383, 0.653, 1.000), TexCoord(0.125, 0.375)

Vertex 197: Position(0.707, 0.000, 0.707, 1.000), TexCoord(0.125, 0.500)

Vertex 198: Position(0.707, 0.000, 0.707, 1.000), TexCoord(0.125, 0.500)

Vertex 199: Position(0.653, 0.383, 0.653, 1.000), TexCoord(0.125, 0.375)

Vertex 200: Position(-0.000, 0.000, 1.000, 1.000), TexCoord(0.250, 0.500)

Vertex 201: Position(0.653, 0.383, 0.653, 1.000), TexCoord(0.125, 0.375)

Vertex 202: Position(-0.000, 0.383, 0.924, 1.000), TexCoord(0.250, 0.375)

Vertex 203: Position(-0.000, 0.000, 1.000, 1.000), TexCoord(0.250, 0.500)

Vertex 204: Position(-0.000, 0.000, 1.000, 1.000), TexCoord(0.250, 0.500)

Vertex 205: Position(-0.000, 0.383, 0.924, 1.000), TexCoord(0.250, 0.375)

Vertex 206: Position(-0.707, 0.000, 0.707, 1.000), TexCoord(0.375, 0.500)

Vertex 207: Position(-0.000, 0.383, 0.924, 1.000), TexCoord(0.250, 0.375)

Vertex 208: Position(-0.653, 0.383, 0.653, 1.000), TexCoord(0.375, 0.375)

Vertex 209: Position(-0.707, 0.000, 0.707, 1.000), TexCoord(0.375, 0.500)

Vertex 210: Position(-0.707, 0.000, 0.707, 1.000), TexCoord(0.375, 0.500)

Vertex 211: Position(-0.653, 0.383, 0.653, 1.000), TexCoord(0.375, 0.375)

Vertex 212: Position(-1.000, 0.000, -0.000, 1.000), TexCoord(0.500, 0.500)

Vertex 213: Position(-0.653, 0.383, 0.653, 1.000), TexCoord(0.375, 0.375)

Vertex 214: Position(-0.924, 0.383, -0.000, 1.000), TexCoord(0.500, 0.375)

Vertex 215: Position(-1.000, 0.000, -0.000, 1.000), TexCoord(0.500, 0.500)

Vertex 216: Position(-1.000, 0.000, -0.000, 1.000), TexCoord(0.500, 0.500)

Vertex 217: Position(-0.924, 0.383, -0.000, 1.000), TexCoord(0.500, 0.375)

Vertex 218: Position(-0.707, 0.000, -0.707, 1.000), TexCoord(0.625, 0.500)

Vertex 219: Position(-0.924, 0.383, -0.000, 1.000), TexCoord(0.500, 0.375)

Vertex 220: Position(-0.653, 0.383, -0.653, 1.000), TexCoord(0.625, 0.375)

Vertex 221: Position(-0.707, 0.000, -0.707, 1.000), TexCoord(0.625, 0.500)

Vertex 222: Position(-0.707, 0.000, -0.707, 1.000), TexCoord(0.625, 0.500)

Vertex 223: Position(-0.653, 0.383, -0.653, 1.000), TexCoord(0.625, 0.375)

Vertex 224: Position(0.000, 0.000, -1.000, 1.000), TexCoord(0.750, 0.500)

Vertex 225: Position(-0.653, 0.383, -0.653, 1.000), TexCoord(0.625, 0.375)

Vertex 226: Position(0.000, 0.383, -0.924, 1.000), TexCoord(0.750, 0.375)

Vertex 227: Position(0.000, 0.000, -1.000, 1.000), TexCoord(0.750, 0.500)

Vertex 228: Position(0.000, 0.000, -1.000, 1.000), TexCoord(0.750, 0.500)

Vertex 229: Position(0.000, 0.383, -0.924, 1.000), TexCoord(0.750, 0.375)

Vertex 230: Position(0.707, 0.000, -0.707, 1.000), TexCoord(0.875, 0.500)

Vertex 231: Position(0.000, 0.383, -0.924, 1.000), TexCoord(0.750, 0.375)

Vertex 232: Position(0.653, 0.383, -0.653, 1.000), TexCoord(0.875, 0.375)

Vertex 233: Position(0.707, 0.000, -0.707, 1.000), TexCoord(0.875, 0.500)

Vertex 234: Position(0.707, 0.000, -0.707, 1.000), TexCoord(0.875, 0.500)

Vertex 235: Position(0.653, 0.383, -0.653, 1.000), TexCoord(0.875, 0.375)

Vertex 236: Position(1.000, 0.000, 0.000, 1.000), TexCoord(1.000, 0.500)

Vertex 237: Position(0.653, 0.383, -0.653, 1.000), TexCoord(0.875, 0.375)

Vertex 238: Position(0.924, 0.383, 0.000, 1.000), TexCoord(1.000, 0.375)

Vertex 239: Position(1.000, 0.000, 0.000, 1.000), TexCoord(1.000, 0.500)

Vertex 240: Position(0.924, 0.383, 0.000, 1.000), TexCoord(0.000, 0.375)

Vertex 241: Position(0.707, 0.707, 0.000, 1.000), TexCoord(0.000, 0.250)

Vertex 242: Position(0.653, 0.383, 0.653, 1.000), TexCoord(0.125, 0.375)

Vertex 243: Position(0.707, 0.707, 0.000, 1.000), TexCoord(0.000, 0.250)

Vertex 244: Position(0.500, 0.707, 0.500, 1.000), TexCoord(0.125, 0.250)

Vertex 245: Position(0.653, 0.383, 0.653, 1.000), TexCoord(0.125, 0.375)

Vertex 246: Position(0.653, 0.383, 0.653, 1.000), TexCoord(0.125, 0.375)

Vertex 247: Position(0.500, 0.707, 0.500, 1.000), TexCoord(0.125, 0.250)

Vertex 248: Position(-0.000, 0.383, 0.924, 1.000), TexCoord(0.250, 0.375)

Vertex 249: Position(0.500, 0.707, 0.500, 1.000), TexCoord(0.125, 0.250)

Vertex 250: Position(-0.000, 0.707, 0.707, 1.000), TexCoord(0.250, 0.250)

Vertex 251: Position(-0.000, 0.383, 0.924, 1.000), TexCoord(0.250, 0.375)

Vertex 252: Position(-0.000, 0.383, 0.924, 1.000), TexCoord(0.250, 0.375)

Vertex 253: Position(-0.000, 0.707, 0.707, 1.000), TexCoord(0.250, 0.250)

Vertex 254: Position(-0.653, 0.383, 0.653, 1.000), TexCoord(0.375, 0.375)

Vertex 255: Position(-0.000, 0.707, 0.707, 1.000), TexCoord(0.250, 0.250)

Vertex 256: Position(-0.500, 0.707, 0.500, 1.000), TexCoord(0.375, 0.250)

Vertex 257: Position(-0.653, 0.383, 0.653, 1.000), TexCoord(0.375, 0.375)

Vertex 258: Position(-0.653, 0.383, 0.653, 1.000), TexCoord(0.375, 0.375)

Vertex 259: Position(-0.500, 0.707, 0.500, 1.000), TexCoord(0.375, 0.250)

Vertex 260: Position(-0.924, 0.383, -0.000, 1.000), TexCoord(0.500, 0.375)

Vertex 261: Position(-0.500, 0.707, 0.500, 1.000), TexCoord(0.375, 0.250)

Vertex 262: Position(-0.707, 0.707, -0.000, 1.000), TexCoord(0.500, 0.250)

Vertex 263: Position(-0.924, 0.383, -0.000, 1.000), TexCoord(0.500, 0.375)

Vertex 264: Position(-0.924, 0.383, -0.000, 1.000), TexCoord(0.500, 0.375)

Vertex 265: Position(-0.707, 0.707, -0.000, 1.000), TexCoord(0.500, 0.250)

Vertex 266: Position(-0.653, 0.383, -0.653, 1.000), TexCoord(0.625, 0.375)

Vertex 267: Position(-0.707, 0.707, -0.000, 1.000), TexCoord(0.500, 0.250)

Vertex 268: Position(-0.500, 0.707, -0.500, 1.000), TexCoord(0.625, 0.250)

Vertex 269: Position(-0.653, 0.383, -0.653, 1.000), TexCoord(0.625, 0.375)

Vertex 270: Position(-0.653, 0.383, -0.653, 1.000), TexCoord(0.625, 0.375)

Vertex 271: Position(-0.500, 0.707, -0.500, 1.000), TexCoord(0.625, 0.250)

Vertex 272: Position(0.000, 0.383, -0.924, 1.000), TexCoord(0.750, 0.375)

Vertex 273: Position(-0.500, 0.707, -0.500, 1.000), TexCoord(0.625, 0.250)

Vertex 274: Position(0.000, 0.707, -0.707, 1.000), TexCoord(0.750, 0.250)

Vertex 275: Position(0.000, 0.383, -0.924, 1.000), TexCoord(0.750, 0.375)

Vertex 276: Position(0.000, 0.383, -0.924, 1.000), TexCoord(0.750, 0.375)

Vertex 277: Position(0.000, 0.707, -0.707, 1.000), TexCoord(0.750, 0.250)

Vertex 278: Position(0.653, 0.383, -0.653, 1.000), TexCoord(0.875, 0.375)

Vertex 279: Position(0.000, 0.707, -0.707, 1.000), TexCoord(0.750, 0.250)

Vertex 280: Position(0.500, 0.707, -0.500, 1.000), TexCoord(0.875, 0.250)

Vertex 281: Position(0.653, 0.383, -0.653, 1.000), TexCoord(0.875, 0.375)

Vertex 282: Position(0.653, 0.383, -0.653, 1.000), TexCoord(0.875, 0.375)

Vertex 283: Position(0.500, 0.707, -0.500, 1.000), TexCoord(0.875, 0.250)

Vertex 284: Position(0.924, 0.383, 0.000, 1.000), TexCoord(1.000, 0.375)

Vertex 285: Position(0.500, 0.707, -0.500, 1.000), TexCoord(0.875, 0.250)

Vertex 286: Position(0.707, 0.707, 0.000, 1.000), TexCoord(1.000, 0.250)

Vertex 287: Position(0.924, 0.383, 0.000, 1.000), TexCoord(1.000, 0.375)

Vertex 288: Position(0.707, 0.707, 0.000, 1.000), TexCoord(0.000, 0.250)

Vertex 289: Position(0.383, 0.924, 0.000, 1.000), TexCoord(0.000, 0.125)

Vertex 290: Position(0.500, 0.707, 0.500, 1.000), TexCoord(0.125, 0.250)

Vertex 291: Position(0.383, 0.924, 0.000, 1.000), TexCoord(0.000, 0.125)

Vertex 292: Position(0.271, 0.924, 0.271, 1.000), TexCoord(0.125, 0.125)

Vertex 293: Position(0.500, 0.707, 0.500, 1.000), TexCoord(0.125, 0.250)

Vertex 294: Position(0.500, 0.707, 0.500, 1.000), TexCoord(0.125, 0.250)

Vertex 295: Position(0.271, 0.924, 0.271, 1.000), TexCoord(0.125, 0.125)

Vertex 296: Position(-0.000, 0.707, 0.707, 1.000), TexCoord(0.250, 0.250)

Vertex 297: Position(0.271, 0.924, 0.271, 1.000), TexCoord(0.125, 0.125)

Vertex 298: Position(-0.000, 0.924, 0.383, 1.000), TexCoord(0.250, 0.125)

Vertex 299: Position(-0.000, 0.707, 0.707, 1.000), TexCoord(0.250, 0.250)

Vertex 300: Position(-0.000, 0.707, 0.707, 1.000), TexCoord(0.250, 0.250)

Vertex 301: Position(-0.000, 0.924, 0.383, 1.000), TexCoord(0.250, 0.125)

Vertex 302: Position(-0.500, 0.707, 0.500, 1.000), TexCoord(0.375, 0.250)

Vertex 303: Position(-0.000, 0.924, 0.383, 1.000), TexCoord(0.250, 0.125)

Vertex 304: Position(-0.271, 0.924, 0.271, 1.000), TexCoord(0.375, 0.125)

Vertex 305: Position(-0.500, 0.707, 0.500, 1.000), TexCoord(0.375, 0.250)

Vertex 306: Position(-0.500, 0.707, 0.500, 1.000), TexCoord(0.375, 0.250)

Vertex 307: Position(-0.271, 0.924, 0.271, 1.000), TexCoord(0.375, 0.125)

Vertex 308: Position(-0.707, 0.707, -0.000, 1.000), TexCoord(0.500, 0.250)

Vertex 309: Position(-0.271, 0.924, 0.271, 1.000), TexCoord(0.375, 0.125)

Vertex 310: Position(-0.383, 0.924, -0.000, 1.000), TexCoord(0.500, 0.125)

Vertex 311: Position(-0.707, 0.707, -0.000, 1.000), TexCoord(0.500, 0.250)

Vertex 312: Position(-0.707, 0.707, -0.000, 1.000), TexCoord(0.500, 0.250)

Vertex 313: Position(-0.383, 0.924, -0.000, 1.000), TexCoord(0.500, 0.125)

Vertex 314: Position(-0.500, 0.707, -0.500, 1.000), TexCoord(0.625, 0.250)

Vertex 315: Position(-0.383, 0.924, -0.000, 1.000), TexCoord(0.500, 0.125)

Vertex 316: Position(-0.271, 0.924, -0.271, 1.000), TexCoord(0.625, 0.125)

Vertex 317: Position(-0.500, 0.707, -0.500, 1.000), TexCoord(0.625, 0.250)

Vertex 318: Position(-0.500, 0.707, -0.500, 1.000), TexCoord(0.625, 0.250)

Vertex 319: Position(-0.271, 0.924, -0.271, 1.000), TexCoord(0.625, 0.125)

Vertex 320: Position(0.000, 0.707, -0.707, 1.000), TexCoord(0.750, 0.250)

Vertex 321: Position(-0.271, 0.924, -0.271, 1.000), TexCoord(0.625, 0.125)

Vertex 322: Position(0.000, 0.924, -0.383, 1.000), TexCoord(0.750, 0.125)

Vertex 323: Position(0.000, 0.707, -0.707, 1.000), TexCoord(0.750, 0.250)

Vertex 324: Position(0.000, 0.707, -0.707, 1.000), TexCoord(0.750, 0.250)

Vertex 325: Position(0.000, 0.924, -0.383, 1.000), TexCoord(0.750, 0.125)

Vertex 326: Position(0.500, 0.707, -0.500, 1.000), TexCoord(0.875, 0.250)

Vertex 327: Position(0.000, 0.924, -0.383, 1.000), TexCoord(0.750, 0.125)

Vertex 328: Position(0.271, 0.924, -0.271, 1.000), TexCoord(0.875, 0.125)

Vertex 329: Position(0.500, 0.707, -0.500, 1.000), TexCoord(0.875, 0.250)

Vertex 330: Position(0.500, 0.707, -0.500, 1.000), TexCoord(0.875, 0.250)

Vertex 331: Position(0.271, 0.924, -0.271, 1.000), TexCoord(0.875, 0.125)

Vertex 332: Position(0.707, 0.707, 0.000, 1.000), TexCoord(1.000, 0.250)

Vertex 333: Position(0.271, 0.924, -0.271, 1.000), TexCoord(0.875, 0.125)

Vertex 334: Position(0.383, 0.924, 0.000, 1.000), TexCoord(1.000, 0.125)

Vertex 335: Position(0.707, 0.707, 0.000, 1.000), TexCoord(1.000, 0.250)

Vertex 336: Position(0.383, 0.924, 0.000, 1.000), TexCoord(0.000, 0.125)

Vertex 337: Position(-0.000, 1.000, -0.000, 1.000), TexCoord(0.000, 0.000)

Vertex 338: Position(0.271, 0.924, 0.271, 1.000), TexCoord(0.125, 0.125)

Vertex 339: Position(-0.000, 1.000, -0.000, 1.000), TexCoord(0.000, 0.000)

Vertex 340: Position(-0.000, 1.000, -0.000, 1.000), TexCoord(0.125, 0.000)

Vertex 341: Position(0.271, 0.924, 0.271, 1.000), TexCoord(0.125, 0.125)

Vertex 342: Position(0.271, 0.924, 0.271, 1.000), TexCoord(0.125, 0.125)

Vertex 343: Position(-0.000, 1.000, -0.000, 1.000), TexCoord(0.125, 0.000)

Vertex 344: Position(-0.000, 0.924, 0.383, 1.000), TexCoord(0.250, 0.125)

Vertex 345: Position(-0.000, 1.000, -0.000, 1.000), TexCoord(0.125, 0.000)

Vertex 346: Position(0.000, 1.000, -0.000, 1.000), TexCoord(0.250, 0.000)

Vertex 347: Position(-0.000, 0.924, 0.383, 1.000), TexCoord(0.250, 0.125)

Vertex 348: Position(-0.000, 0.924, 0.383, 1.000), TexCoord(0.250, 0.125)

Vertex 349: Position(0.000, 1.000, -0.000, 1.000), TexCoord(0.250, 0.000)

Vertex 350: Position(-0.271, 0.924, 0.271, 1.000), TexCoord(0.375, 0.125)

Vertex 351: Position(0.000, 1.000, -0.000, 1.000), TexCoord(0.250, 0.000)

Vertex 352: Position(0.000, 1.000, -0.000, 1.000), TexCoord(0.375, 0.000)

Vertex 353: Position(-0.271, 0.924, 0.271, 1.000), TexCoord(0.375, 0.125)

Vertex 354: Position(-0.271, 0.924, 0.271, 1.000), TexCoord(0.375, 0.125)

Vertex 355: Position(0.000, 1.000, -0.000, 1.000), TexCoord(0.375, 0.000)

Vertex 356: Position(-0.383, 0.924, -0.000, 1.000), TexCoord(0.500, 0.125)

Vertex 357: Position(0.000, 1.000, -0.000, 1.000), TexCoord(0.375, 0.000)

Vertex 358: Position(0.000, 1.000, 0.000, 1.000), TexCoord(0.500, 0.000)

Vertex 359: Position(-0.383, 0.924, -0.000, 1.000), TexCoord(0.500, 0.125)

Vertex 360: Position(-0.383, 0.924, -0.000, 1.000), TexCoord(0.500, 0.125)

Vertex 361: Position(0.000, 1.000, 0.000, 1.000), TexCoord(0.500, 0.000)

Vertex 362: Position(-0.271, 0.924, -0.271, 1.000), TexCoord(0.625, 0.125)

Vertex 363: Position(0.000, 1.000, 0.000, 1.000), TexCoord(0.500, 0.000)

Vertex 364: Position(0.000, 1.000, 0.000, 1.000), TexCoord(0.625, 0.000)

Vertex 365: Position(-0.271, 0.924, -0.271, 1.000), TexCoord(0.625, 0.125)

Vertex 366: Position(-0.271, 0.924, -0.271, 1.000), TexCoord(0.625, 0.125)

Vertex 367: Position(0.000, 1.000, 0.000, 1.000), TexCoord(0.625, 0.000)

Vertex 368: Position(0.000, 0.924, -0.383, 1.000), TexCoord(0.750, 0.125)

Vertex 369: Position(0.000, 1.000, 0.000, 1.000), TexCoord(0.625, 0.000)

Vertex 370: Position(-0.000, 1.000, 0.000, 1.000), TexCoord(0.750, 0.000)

Vertex 371: Position(0.000, 0.924, -0.383, 1.000), TexCoord(0.750, 0.125)

Vertex 372: Position(0.000, 0.924, -0.383, 1.000), TexCoord(0.750, 0.125)

Vertex 373: Position(-0.000, 1.000, 0.000, 1.000), TexCoord(0.750, 0.000)

Vertex 374: Position(0.271, 0.924, -0.271, 1.000), TexCoord(0.875, 0.125)

Vertex 375: Position(-0.000, 1.000, 0.000, 1.000), TexCoord(0.750, 0.000)

Vertex 376: Position(-0.000, 1.000, 0.000, 1.000), TexCoord(0.875, 0.000)

Vertex 377: Position(0.271, 0.924, -0.271, 1.000), TexCoord(0.875, 0.125)

Vertex 378: Position(0.271, 0.924, -0.271, 1.000), TexCoord(0.875, 0.125)

Vertex 379: Position(-0.000, 1.000, 0.000, 1.000), TexCoord(0.875, 0.000)

Vertex 380: Position(0.383, 0.924, 0.000, 1.000), TexCoord(1.000, 0.125)

Vertex 381: Position(-0.000, 1.000, 0.000, 1.000), TexCoord(0.875, 0.000)

Vertex 382: Position(-0.000, 1.000, -0.000, 1.000), TexCoord(1.000, 0.000)

Vertex 383: Position(0.383, 0.924, 0.000, 1.000), TexCoord(1.000, 0.125)

